# JRE version: OpenJDK Runtime Environment (17.0.7) (build 17.0.7+0-b2043.56-10550314)
# Java VM: OpenJDK 64-Bit Server VM (17.0.7+0-b2043.56-10550314, mixed mode, tiered, compressed oops, compressed class ptrs, g1 gc, windows-amd64)
GC Precious Log:
 CPUs: 12 total, 12 available
 Memory: 16188M
 Large Page Support: Disabled
 NUMA Support: Disabled
 Compressed Oops: Enabled (32-bit)
 Heap Region Size: 1M
 Heap Min Capacity: 8M
 Heap Initial Capacity: 254M
 Heap Max Capacity: 2G
 Pre-touch: Disabled
 Parallel Workers: 10
 Concurrent Workers: 3
 Concurrent Refinement Workers: 10
 Periodic GC: Disabled
Heap:
 garbage-first heap   total 276480K, used 156185K [0x0000000080000000, 0x0000000100000000)
  region size 1024K, 8 young (8192K), 8 survivors (8192K)
 Metaspace       used 143773K, committed 145088K, reserved 1179648K
  class space    used 19239K, committed 19840K, reserved 1048576K
GC Heap History (20 events):
Event: 554.521 GC heap after
{Heap after GC invocations=55 (full 0):
 garbage-first heap   total 265216K, used 110890K [0x0000000080000000, 0x0000000100000000)
  region size 1024K, 2 young (2048K), 2 survivors (2048K)
 Metaspace       used 133851K, committed 134848K, reserved 1179648K
  class space    used 18161K, committed 18624K, reserved 1048576K
}
Event: 554.831 GC heap before
{Heap before GC invocations=55 (full 0):
 garbage-first heap   total 265216K, used 154922K [0x0000000080000000, 0x0000000100000000)
  region size 1024K, 47 young (48128K), 2 survivors (2048K)
 Metaspace       used 133978K, committed 134912K, reserved 1179648K
  class space    used 18161K, committed 18624K, reserved 1048576K
}
Event: 554.836 GC heap after
{Heap after GC invocations=56 (full 0):
 garbage-first heap   total 265216K, used 117677K [0x0000000080000000, 0x0000000100000000)
  region size 1024K, 9 young (9216K), 9 survivors (9216K)
 Metaspace       used 133978K, committed 134912K, reserved 1179648K
  class space    used 18161K, committed 18624K, reserved 1048576K
}
Event: 744.506 GC heap before
{Heap before GC invocations=57 (full 0):
 garbage-first heap   total 265216K, used 219053K [0x0000000080000000, 0x0000000100000000)
  region size 1024K, 96 young (98304K), 9 survivors (9216K)
 Metaspace       used 134299K, committed 135296K, reserved 1179648K
  class space    used 18168K, committed 18624K, reserved 1048576K
}
Event: 744.512 GC heap after
{Heap after GC invocations=58 (full 0):
 garbage-first heap   total 265216K, used 120851K [0x0000000080000000, 0x0000000100000000)
  region size 1024K, 5 young (5120K), 5 survivors (5120K)
 Metaspace       used 134299K, committed 135296K, reserved 1179648K
  class space    used 18168K, committed 18624K, reserved 1048576K
}
Event: 744.536 GC heap before
{Heap before GC invocations=58 (full 0):
 garbage-first heap   total 265216K, used 126995K [0x0000000080000000, 0x0000000100000000)
  region size 1024K, 12 young (12288K), 5 survivors (5120K)
 Metaspace       used 134344K, committed 135360K, reserved 1179648K
  class space    used 18179K, committed 18688K, reserved 1048576K
}
Event: 744.541 GC heap after
{Heap after GC invocations=59 (full 0):
 garbage-first heap   total 265216K, used 115962K [0x0000000080000000, 0x0000000100000000)
  region size 1024K, 1 young (1024K), 1 survivors (1024K)
 Metaspace       used 134344K, committed 135360K, reserved 1179648K
  class space    used 18179K, committed 18688K, reserved 1048576K
}
Event: 744.782 GC heap before
{Heap before GC invocations=59 (full 0):
 garbage-first heap   total 265216K, used 144634K [0x0000000080000000, 0x0000000100000000)
  region size 1024K, 31 young (31744K), 1 survivors (1024K)
 Metaspace       used 134846K, committed 135936K, reserved 1179648K
  class space    used 18258K, committed 18816K, reserved 1048576K
}
Event: 744.786 GC heap after
{Heap after GC invocations=60 (full 0):
 garbage-first heap   total 265216K, used 119570K [0x0000000080000000, 0x0000000100000000)
  region size 1024K, 5 young (5120K), 5 survivors (5120K)
 Metaspace       used 134846K, committed 135936K, reserved 1179648K
  class space    used 18258K, committed 18816K, reserved 1048576K
}
Event: 745.725 GC heap before
{Heap before GC invocations=61 (full 0):
 garbage-first heap   total 265216K, used 227090K [0x0000000080000000, 0x0000000100000000)
  region size 1024K, 94 young (96256K), 5 survivors (5120K)
 Metaspace       used 139838K, committed 141056K, reserved 1179648K
  class space    used 18864K, committed 19456K, reserved 1048576K
}
Event: 745.729 GC heap after
{Heap after GC invocations=62 (full 0):
 garbage-first heap   total 265216K, used 119430K [0x0000000080000000, 0x0000000100000000)
  region size 1024K, 7 young (7168K), 7 survivors (7168K)
 Metaspace       used 139838K, committed 141056K, reserved 1179648K
  class space    used 18864K, committed 19456K, reserved 1048576K
}
Event: 745.790 GC heap before
{Heap before GC invocations=62 (full 0):
 garbage-first heap   total 265216K, used 124550K [0x0000000080000000, 0x0000000100000000)
  region size 1024K, 12 young (12288K), 7 survivors (7168K)
 Metaspace       used 140249K, committed 141376K, reserved 1179648K
  class space    used 18916K, committed 19456K, reserved 1048576K
}
Event: 745.795 GC heap after
{Heap after GC invocations=63 (full 0):
 garbage-first heap   total 265216K, used 112587K [0x0000000080000000, 0x0000000100000000)
  region size 1024K, 1 young (1024K), 1 survivors (1024K)
 Metaspace       used 140249K, committed 141376K, reserved 1179648K
  class space    used 18916K, committed 19456K, reserved 1048576K
}
Event: 822.264 GC heap before
{Heap before GC invocations=63 (full 0):
 garbage-first heap   total 265216K, used 207819K [0x0000000080000000, 0x0000000100000000)
  region size 1024K, 96 young (98304K), 1 survivors (1024K)
 Metaspace       used 140840K, committed 142080K, reserved 1179648K
  class space    used 18989K, committed 19584K, reserved 1048576K
}
Event: 822.273 GC heap after
{Heap after GC invocations=64 (full 0):
 garbage-first heap   total 265216K, used 126691K [0x0000000080000000, 0x0000000100000000)
  region size 1024K, 13 young (13312K), 13 survivors (13312K)
 Metaspace       used 140840K, committed 142080K, reserved 1179648K
  class space    used 18989K, committed 19584K, reserved 1048576K
}
Event: 823.570 GC heap before
{Heap before GC invocations=65 (full 0):
 garbage-first heap   total 265216K, used 240355K [0x0000000080000000, 0x0000000100000000)
  region size 1024K, 92 young (94208K), 13 survivors (13312K)
 Metaspace       used 141081K, committed 142336K, reserved 1179648K
  class space    used 18998K, committed 19584K, reserved 1048576K
}
Event: 823.585 GC heap after
{Heap after GC invocations=66 (full 0):
 garbage-first heap   total 276480K, used 148611K [0x0000000080000000, 0x0000000100000000)
  region size 1024K, 12 young (12288K), 12 survivors (12288K)
 Metaspace       used 141081K, committed 142336K, reserved 1179648K
  class space    used 18998K, committed 19584K, reserved 1048576K
}
Event: 823.587 GC heap before
{Heap before GC invocations=66 (full 0):
 garbage-first heap   total 276480K, used 148611K [0x0000000080000000, 0x0000000100000000)
  region size 1024K, 13 young (13312K), 12 survivors (12288K)
 Metaspace       used 141081K, committed 142336K, reserved 1179648K
  class space    used 18998K, committed 19584K, reserved 1048576K
}
Event: 823.595 GC heap after
{Heap after GC invocations=67 (full 0):
 garbage-first heap   total 276480K, used 149771K [0x0000000080000000, 0x0000000100000000)
  region size 1024K, 2 young (2048K), 2 survivors (2048K)
 Metaspace       used 141081K, committed 142336K, reserved 1179648K
  class space    used 18998K, committed 19584K, reserved 1048576K
}
Event: 823.850 GC heap before
{Heap before GC invocations=67 (full 0):
 garbage-first heap   total 276480K, used 217355K [0x0000000080000000, 0x0000000100000000)
  region size 1024K, 69 young (70656K), 2 survivors (2048K)
 Metaspace       used 143773K, committed 145088K, reserved 1179648K
  class space    used 19239K, committed 19840K, reserved 1048576K
}

