# JRE version: OpenJDK Runtime Environment (17.0.7) (build 17.0.7+0-b2043.56-10550314)
# Java VM: OpenJDK 64-Bit Server VM (17.0.7+0-b2043.56-10550314, mixed mode, tiered, compressed oops, compressed class ptrs, g1 gc, windows-amd64)
GC Precious Log:
 CPUs: 12 total, 12 available
 Memory: 16188M
 Large Page Support: Disabled
 NUMA Support: Disabled
 Compressed Oops: Enabled (32-bit)
 Heap Region Size: 1M
 Heap Min Capacity: 8M
 Heap Initial Capacity: 254M
 Heap Max Capacity: 2G
 Pre-touch: Disabled
 Parallel Workers: 10
 Concurrent Workers: 3
 Concurrent Refinement Workers: 10
 Periodic GC: Disabled
Heap:
 garbage-first heap   total 285696K, used 125691K [0x0000000080000000, 0x0000000100000000)
  region size 1024K, 7 young (7168K), 7 survivors (7168K)
 Metaspace       used 140832K, committed 142144K, reserved 1179648K
  class space    used 18869K, committed 19520K, reserved 1048576K
GC Heap History (20 events):
Event: 744.906 GC heap after
{Heap after GC invocations=67 (full 0):
 garbage-first heap   total 285696K, used 128858K [0x0000000080000000, 0x0000000100000000)
  region size 1024K, 1 young (1024K), 1 survivors (1024K)
 Metaspace       used 133419K, committed 134400K, reserved 1179648K
  class space    used 18032K, committed 18496K, reserved 1048576K
}
Event: 745.539 GC heap before
{Heap before GC invocations=67 (full 0):
 garbage-first heap   total 285696K, used 203610K [0x0000000080000000, 0x0000000100000000)
  region size 1024K, 76 young (77824K), 1 survivors (1024K)
 Metaspace       used 133783K, committed 134784K, reserved 1179648K
  class space    used 18033K, committed 18496K, reserved 1048576K
}
Event: 745.549 GC heap after
{Heap after GC invocations=68 (full 0):
 garbage-first heap   total 285696K, used 142336K [0x0000000080000000, 0x0000000100000000)
  region size 1024K, 11 young (11264K), 11 survivors (11264K)
 Metaspace       used 133783K, committed 134784K, reserved 1179648K
  class space    used 18033K, committed 18496K, reserved 1048576K
}
Event: 765.514 GC heap before
{Heap before GC invocations=69 (full 0):
 garbage-first heap   total 285696K, used 223232K [0x0000000080000000, 0x0000000100000000)
  region size 1024K, 84 young (86016K), 11 survivors (11264K)
 Metaspace       used 134455K, committed 135680K, reserved 1179648K
  class space    used 18155K, committed 18752K, reserved 1048576K
}
Event: 765.523 GC heap after
{Heap after GC invocations=70 (full 0):
 garbage-first heap   total 285696K, used 141454K [0x0000000080000000, 0x0000000100000000)
  region size 1024K, 8 young (8192K), 8 survivors (8192K)
 Metaspace       used 134455K, committed 135680K, reserved 1179648K
  class space    used 18155K, committed 18752K, reserved 1048576K
}
Event: 765.571 GC heap before
{Heap before GC invocations=70 (full 0):
 garbage-first heap   total 285696K, used 146574K [0x0000000080000000, 0x0000000100000000)
  region size 1024K, 13 young (13312K), 8 survivors (8192K)
 Metaspace       used 134515K, committed 135744K, reserved 1179648K
  class space    used 18173K, committed 18752K, reserved 1048576K
}
Event: 765.576 GC heap after
{Heap after GC invocations=71 (full 0):
 garbage-first heap   total 285696K, used 135840K [0x0000000080000000, 0x0000000100000000)
  region size 1024K, 2 young (2048K), 2 survivors (2048K)
 Metaspace       used 134515K, committed 135744K, reserved 1179648K
  class space    used 18173K, committed 18752K, reserved 1048576K
}
Event: 1028.906 GC heap before
{Heap before GC invocations=71 (full 0):
 garbage-first heap   total 285696K, used 201376K [0x0000000080000000, 0x0000000100000000)
  region size 1024K, 68 young (69632K), 2 survivors (2048K)
 Metaspace       used 135026K, committed 136384K, reserved 1179648K
  class space    used 18249K, committed 18880K, reserved 1048576K
}
Event: 1028.911 GC heap after
{Heap after GC invocations=72 (full 0):
 garbage-first heap   total 285696K, used 141371K [0x0000000080000000, 0x0000000100000000)
  region size 1024K, 7 young (7168K), 7 survivors (7168K)
 Metaspace       used 135026K, committed 136384K, reserved 1179648K
  class space    used 18249K, committed 18880K, reserved 1048576K
}
Event: 1029.724 GC heap before
{Heap before GC invocations=73 (full 0):
 garbage-first heap   total 285696K, used 237627K [0x0000000080000000, 0x0000000100000000)
  region size 1024K, 87 young (89088K), 7 survivors (7168K)
 Metaspace       used 139564K, committed 140928K, reserved 1179648K
  class space    used 18764K, committed 19392K, reserved 1048576K
}
Event: 1029.729 GC heap after
{Heap after GC invocations=74 (full 0):
 garbage-first heap   total 285696K, used 139652K [0x0000000080000000, 0x0000000100000000)
  region size 1024K, 3 young (3072K), 3 survivors (3072K)
 Metaspace       used 139564K, committed 140928K, reserved 1179648K
  class space    used 18764K, committed 19392K, reserved 1048576K
}
Event: 1029.816 GC heap before
{Heap before GC invocations=74 (full 0):
 garbage-first heap   total 285696K, used 148868K [0x0000000080000000, 0x0000000100000000)
  region size 1024K, 13 young (13312K), 3 survivors (3072K)
 Metaspace       used 139808K, committed 141184K, reserved 1179648K
  class space    used 18790K, committed 19456K, reserved 1048576K
}
Event: 1029.820 GC heap after
{Heap after GC invocations=75 (full 0):
 garbage-first heap   total 285696K, used 122982K [0x0000000080000000, 0x0000000100000000)
  region size 1024K, 1 young (1024K), 1 survivors (1024K)
 Metaspace       used 139808K, committed 141184K, reserved 1179648K
  class space    used 18790K, committed 19456K, reserved 1048576K
}
Event: 1031.022 GC heap before
{Heap before GC invocations=75 (full 0):
 garbage-first heap   total 285696K, used 169062K [0x0000000080000000, 0x0000000100000000)
  region size 1024K, 48 young (49152K), 1 survivors (1024K)
 Metaspace       used 140477K, committed 141824K, reserved 1179648K
  class space    used 18863K, committed 19456K, reserved 1048576K
}
Event: 1031.025 GC heap after
{Heap after GC invocations=76 (full 0):
 garbage-first heap   total 285696K, used 126044K [0x0000000080000000, 0x0000000100000000)
  region size 1024K, 4 young (4096K), 4 survivors (4096K)
 Metaspace       used 140477K, committed 141824K, reserved 1179648K
  class space    used 18863K, committed 19456K, reserved 1048576K
}
Event: 1267.723 GC heap before
{Heap before GC invocations=77 (full 0):
 garbage-first heap   total 285696K, used 238684K [0x0000000080000000, 0x0000000100000000)
  region size 1024K, 104 young (106496K), 4 survivors (4096K)
 Metaspace       used 140697K, committed 142016K, reserved 1179648K
  class space    used 18869K, committed 19520K, reserved 1048576K
}
Event: 1267.729 GC heap after
{Heap after GC invocations=78 (full 0):
 garbage-first heap   total 285696K, used 125611K [0x0000000080000000, 0x0000000100000000)
  region size 1024K, 4 young (4096K), 4 survivors (4096K)
 Metaspace       used 140697K, committed 142016K, reserved 1179648K
  class space    used 18869K, committed 19520K, reserved 1048576K
}
Event: 1267.796 GC heap before
{Heap before GC invocations=78 (full 0):
 garbage-first heap   total 285696K, used 134827K [0x0000000080000000, 0x0000000100000000)
  region size 1024K, 13 young (13312K), 4 survivors (4096K)
 Metaspace       used 140711K, committed 142080K, reserved 1179648K
  class space    used 18869K, committed 19520K, reserved 1048576K
}
Event: 1267.800 GC heap after
{Heap after GC invocations=79 (full 0):
 garbage-first heap   total 285696K, used 119676K [0x0000000080000000, 0x0000000100000000)
  region size 1024K, 2 young (2048K), 2 survivors (2048K)
 Metaspace       used 140711K, committed 142080K, reserved 1179648K
  class space    used 18869K, committed 19520K, reserved 1048576K
}
Event: 1268.205 GC heap before
{Heap before GC invocations=79 (full 0):
 garbage-first heap   total 285696K, used 154492K [0x0000000080000000, 0x0000000100000000)
  region size 1024K, 37 young (37888K), 2 survivors (2048K)
 Metaspace       used 140832K, committed 142144K, reserved 1179648K
  class space    used 18869K, committed 19520K, reserved 1048576K
}

